# JRE version: OpenJDK Runtime Environment (8.0_152-b01) (build 1.8.0_152-release-915-b01)
# Java VM: OpenJDK 64-Bit Server VM (25.152-b01 mixed mode windows-amd64 compressed oops)
Heap:
 PSYoungGen      total 239104K, used 151183K [0x00000000e0000000, 0x00000000f0180000, 0x0000000100000000)
  eden space 224768K, 64% used [0x00000000e0000000,0x00000000e8c98fe0,0x00000000edb80000)
  from space 14336K, 50% used [0x00000000edb80000,0x00000000ee28afe0,0x00000000ee980000)
  to   space 15360K, 0% used [0x00000000ee980000,0x00000000ee980000,0x00000000ef880000)
 ParOldGen       total 90624K, used 18100K [0x00000000a0000000, 0x00000000a5880000, 0x00000000e0000000)
  object space 90624K, 19% used [0x00000000a0000000,0x00000000a11ad0f0,0x00000000a5880000)
 Metaspace       used 46623K, capacity 47404K, committed 47832K, reserved 1091584K
  class space    used 6091K, capacity 6302K, committed 6400K, reserved 1048576K
GC Heap History (10 events):
Event: 3.995 GC heap before
{Heap before GC invocations=5 (full 1):
 PSYoungGen      total 138240K, used 5108K [0x00000000e0000000, 0x00000000e8c00000, 0x0000000100000000)
  eden space 133120K, 0% used [0x00000000e0000000,0x00000000e0000000,0x00000000e8200000)
  from space 5120K, 99% used [0x00000000e8700000,0x00000000e8bfd080,0x00000000e8c00000)
  to   space 5120K, 0% used [0x00000000e8200000,0x00000000e8200000,0x00000000e8700000)
 ParOldGen       total 87552K, used 9410K [0x00000000a0000000, 0x00000000a5580000, 0x00000000e0000000)
  object space 87552K, 10% used [0x00000000a0000000,0x00000000a0930b08,0x00000000a5580000)
 Metaspace       used 20777K, capacity 21116K, committed 21248K, reserved 1067008K
  class space    used 2901K, capacity 3022K, committed 3072K, reserved 1048576K
Event: 4.023 GC heap after
Heap after GC invocations=5 (full 1):
 PSYoungGen      total 138240K, used 0K [0x00000000e0000000, 0x00000000e8c00000, 0x0000000100000000)
  eden space 133120K, 0% used [0x00000000e0000000,0x00000000e0000000,0x00000000e8200000)
  from space 5120K, 0% used [0x00000000e8700000,0x00000000e8700000,0x00000000e8c00000)
  to   space 5120K, 0% used [0x00000000e8200000,0x00000000e8200000,0x00000000e8700000)
 ParOldGen       total 58368K, used 8930K [0x00000000a0000000, 0x00000000a3900000, 0x00000000e0000000)
  object space 58368K, 15% used [0x00000000a0000000,0x00000000a08b8858,0x00000000a3900000)
 Metaspace       used 20777K, capacity 21116K, committed 21248K, reserved 1067008K
  class space    used 2901K, capacity 3022K, committed 3072K, reserved 1048576K
}
Event: 6.703 GC heap before
{Heap before GC invocations=6 (full 1):
 PSYoungGen      total 138240K, used 133120K [0x00000000e0000000, 0x00000000e8c00000, 0x0000000100000000)
  eden space 133120K, 100% used [0x00000000e0000000,0x00000000e8200000,0x00000000e8200000)
  from space 5120K, 0% used [0x00000000e8700000,0x00000000e8700000,0x00000000e8c00000)
  to   space 5120K, 0% used [0x00000000e8200000,0x00000000e8200000,0x00000000e8700000)
 ParOldGen       total 58368K, used 8930K [0x00000000a0000000, 0x00000000a3900000, 0x00000000e0000000)
  object space 58368K, 15% used [0x00000000a0000000,0x00000000a08b8858,0x00000000a3900000)
 Metaspace       used 31805K, capacity 32420K, committed 32512K, reserved 1077248K
  class space    used 4365K, capacity 4583K, committed 4608K, reserved 1048576K
Event: 6.723 GC heap after
Heap after GC invocations=6 (full 1):
 PSYoungGen      total 138240K, used 5120K [0x00000000e0000000, 0x00000000ef880000, 0x0000000100000000)
  eden space 133120K, 0% used [0x00000000e0000000,0x00000000e0000000,0x00000000e8200000)
  from space 5120K, 100% used [0x00000000e8200000,0x00000000e8700000,0x00000000e8700000)
  to   space 15360K, 0% used [0x00000000ee980000,0x00000000ee980000,0x00000000ef880000)
 ParOldGen       total 58368K, used 17689K [0x00000000a0000000, 0x00000000a3900000, 0x00000000e0000000)
  object space 58368K, 30% used [0x00000000a0000000,0x00000000a1146778,0x00000000a3900000)
 Metaspace       used 31805K, capacity 32420K, committed 32512K, reserved 1077248K
  class space    used 4365K, capacity 4583K, committed 4608K, reserved 1048576K
}
Event: 7.236 GC heap before
{Heap before GC invocations=7 (full 1):
 PSYoungGen      total 138240K, used 31313K [0x00000000e0000000, 0x00000000ef880000, 0x0000000100000000)
  eden space 133120K, 19% used [0x00000000e0000000,0x00000000e1994710,0x00000000e8200000)
  from space 5120K, 100% used [0x00000000e8200000,0x00000000e8700000,0x00000000e8700000)
  to   space 15360K, 0% used [0x00000000ee980000,0x00000000ee980000,0x00000000ef880000)
 ParOldGen       total 58368K, used 17689K [0x00000000a0000000, 0x00000000a3900000, 0x00000000e0000000)
  object space 58368K, 30% used [0x00000000a0000000,0x00000000a1146778,0x00000000a3900000)
 Metaspace       used 34657K, capacity 35348K, committed 35416K, reserved 1079296K
  class space    used 4720K, capacity 4977K, committed 4992K, reserved 1048576K
Event: 7.260 GC heap after
Heap after GC invocations=7 (full 1):
 PSYoungGen      total 240128K, used 8603K [0x00000000e0000000, 0x00000000f0180000, 0x0000000100000000)
  eden space 224768K, 0% used [0x00000000e0000000,0x00000000e0000000,0x00000000edb80000)
  from space 15360K, 56% used [0x00000000ee980000,0x00000000ef1e6f20,0x00000000ef880000)
  to   space 14336K, 0% used [0x00000000edb80000,0x00000000edb80000,0x00000000ee980000)
 ParOldGen       total 58368K, used 17697K [0x00000000a0000000, 0x00000000a3900000, 0x00000000e0000000)
  object space 58368K, 30% used [0x00000000a0000000,0x00000000a1148778,0x00000000a3900000)
 Metaspace       used 34657K, capacity 35348K, committed 35416K, reserved 1079296K
  class space    used 4720K, capacity 4977K, committed 4992K, reserved 1048576K
}
Event: 7.260 GC heap before
{Heap before GC invocations=8 (full 2):
 PSYoungGen      total 240128K, used 8603K [0x00000000e0000000, 0x00000000f0180000, 0x0000000100000000)
  eden space 224768K, 0% used [0x00000000e0000000,0x00000000e0000000,0x00000000edb80000)
  from space 15360K, 56% used [0x00000000ee980000,0x00000000ef1e6f20,0x00000000ef880000)
  to   space 14336K, 0% used [0x00000000edb80000,0x00000000edb80000,0x00000000ee980000)
 ParOldGen       total 58368K, used 17697K [0x00000000a0000000, 0x00000000a3900000, 0x00000000e0000000)
  object space 58368K, 30% used [0x00000000a0000000,0x00000000a1148778,0x00000000a3900000)
 Metaspace       used 34657K, capacity 35348K, committed 35416K, reserved 1079296K
  class space    used 4720K, capacity 4977K, committed 4992K, reserved 1048576K
Event: 7.355 GC heap after
Heap after GC invocations=8 (full 2):
 PSYoungGen      total 240128K, used 0K [0x00000000e0000000, 0x00000000f0180000, 0x0000000100000000)
  eden space 224768K, 0% used [0x00000000e0000000,0x00000000e0000000,0x00000000edb80000)
  from space 15360K, 0% used [0x00000000ee980000,0x00000000ee980000,0x00000000ef880000)
  to   space 14336K, 0% used [0x00000000edb80000,0x00000000edb80000,0x00000000ee980000)
 ParOldGen       total 90624K, used 18020K [0x00000000a0000000, 0x00000000a5880000, 0x00000000e0000000)
  object space 90624K, 19% used [0x00000000a0000000,0x00000000a11990e0,0x00000000a5880000)
 Metaspace       used 34613K, capacity 35236K, committed 35416K, reserved 1079296K
  class space    used 4705K, capacity 4961K, committed 4992K, reserved 1048576K
}
Event: 28.682 GC heap before
{Heap before GC invocations=9 (full 2):
 PSYoungGen      total 240128K, used 224768K [0x00000000e0000000, 0x00000000f0180000, 0x0000000100000000)
  eden space 224768K, 100% used [0x00000000e0000000,0x00000000edb80000,0x00000000edb80000)
  from space 15360K, 0% used [0x00000000ee980000,0x00000000ee980000,0x00000000ef880000)
  to   space 14336K, 0% used [0x00000000edb80000,0x00000000edb80000,0x00000000ee980000)
 ParOldGen       total 90624K, used 18020K [0x00000000a0000000, 0x00000000a5880000, 0x00000000e0000000)
  object space 90624K, 19% used [0x00000000a0000000,0x00000000a11990e0,0x00000000a5880000)
 Metaspace       used 39190K, capacity 39830K, committed 40152K, reserved 1083392K
  class space    used 5139K, capacity 5354K, committed 5376K, reserved 1048576K
Event: 28.695 GC heap after
Heap after GC invocations=9 (full 2):
 PSYoungGen      total 239104K, used 7211K [0x00000000e0000000, 0x00000000f0180000, 0x0000000100000000)
  eden space 224768K, 0% used [0x00000000e0000000,0x00000000e0000000,0x00000000edb80000)
  from space 14336K, 50% used [0x00000000edb80000,0x00000000ee28afe0,0x00000000ee980000)
  to   space 15360K, 0% used [0x00000000ee980000,0x00000000ee980000,0x00000000ef880000)
 ParOldGen       total 90624K, used 18100K [0x00000000a0000000, 0x00000000a5880000, 0x00000000e0000000)
  object space 90624K, 19% used [0x00000000a0000000,0x00000000a11ad0f0,0x00000000a5880000)
 Metaspace       used 39190K, capacity 39830K, committed 40152K, reserved 1083392K
  class space    used 5139K, capacity 5354K, committed 5376K, reserved 1048576K
}

