# JRE version: OpenJDK Runtime Environment (8.0_152-b01) (build 1.8.0_152-release-1136-b01)
# Java VM: OpenJDK 64-Bit Server VM (25.152-b01 mixed mode windows-amd64 compressed oops)
Heap:
 PSYoungGen      total 239104K, used 235055K [0x00000000e0000000, 0x00000000f0900000, 0x0000000100000000)
  eden space 216064K, 98% used [0x00000000e0000000,0x00000000ecf10c88,0x00000000ed300000)
  from space 23040K, 99% used [0x00000000eef80000,0x00000000f05fb0f8,0x00000000f0600000)
  to   space 27648K, 0% used [0x00000000ed300000,0x00000000ed300000,0x00000000eee00000)
 ParOldGen       total 150528K, used 40473K [0x00000000a0000000, 0x00000000a9300000, 0x00000000e0000000)
  object space 150528K, 26% used [0x00000000a0000000,0x00000000a27866d8,0x00000000a9300000)
 Metaspace       used 73051K, capacity 76288K, committed 76376K, reserved 1116160K
  class space    used 9588K, capacity 10307K, committed 10368K, reserved 1048576K
GC Heap History (10 events):
Event: 6.700 GC heap before
{Heap before GC invocations=11 (full 2):
 PSYoungGen      total 164864K, used 151552K [0x00000000e0000000, 0x00000000ee200000, 0x0000000100000000)
  eden space 151552K, 100% used [0x00000000e0000000,0x00000000e9400000,0x00000000e9400000)
  from space 13312K, 0% used [0x00000000ea180000,0x00000000ea180000,0x00000000eae80000)
  to   space 13824K, 0% used [0x00000000e9400000,0x00000000e9400000,0x00000000ea180000)
 ParOldGen       total 96256K, used 16413K [0x00000000a0000000, 0x00000000a5e00000, 0x00000000e0000000)
  object space 96256K, 17% used [0x00000000a0000000,0x00000000a10075d0,0x00000000a5e00000)
 Metaspace       used 46679K, capacity 47656K, committed 47960K, reserved 1091584K
  class space    used 6337K, capacity 6658K, committed 6784K, reserved 1048576K
Event: 6.718 GC heap after
Heap after GC invocations=11 (full 2):
 PSYoungGen      total 165376K, used 13819K [0x00000000e0000000, 0x00000000edd80000, 0x0000000100000000)
  eden space 151552K, 0% used [0x00000000e0000000,0x00000000e0000000,0x00000000e9400000)
  from space 13824K, 99% used [0x00000000e9400000,0x00000000ea17ed68,0x00000000ea180000)
  to   space 16896K, 0% used [0x00000000ecd00000,0x00000000ecd00000,0x00000000edd80000)
 ParOldGen       total 96256K, used 19819K [0x00000000a0000000, 0x00000000a5e00000, 0x00000000e0000000)
  object space 96256K, 20% used [0x00000000a0000000,0x00000000a135af80,0x00000000a5e00000)
 Metaspace       used 46679K, capacity 47656K, committed 47960K, reserved 1091584K
  class space    used 6337K, capacity 6658K, committed 6784K, reserved 1048576K
}
Event: 8.195 GC heap before
{Heap before GC invocations=12 (full 2):
 PSYoungGen      total 165376K, used 165371K [0x00000000e0000000, 0x00000000edd80000, 0x0000000100000000)
  eden space 151552K, 100% used [0x00000000e0000000,0x00000000e9400000,0x00000000e9400000)
  from space 13824K, 99% used [0x00000000e9400000,0x00000000ea17ed68,0x00000000ea180000)
  to   space 16896K, 0% used [0x00000000ecd00000,0x00000000ecd00000,0x00000000edd80000)
 ParOldGen       total 96256K, used 19819K [0x00000000a0000000, 0x00000000a5e00000, 0x00000000e0000000)
  object space 96256K, 20% used [0x00000000a0000000,0x00000000a135af80,0x00000000a5e00000)
 Metaspace       used 57218K, capacity 58868K, committed 58968K, reserved 1099776K
  class space    used 7758K, capacity 8229K, committed 8320K, reserved 1048576K
Event: 8.211 GC heap after
Heap after GC invocations=12 (full 2):
 PSYoungGen      total 206336K, used 16879K [0x00000000e0000000, 0x00000000ee300000, 0x0000000100000000)
  eden space 189440K, 0% used [0x00000000e0000000,0x00000000e0000000,0x00000000eb900000)
  from space 16896K, 99% used [0x00000000ecd00000,0x00000000edd7bf28,0x00000000edd80000)
  to   space 20480K, 0% used [0x00000000eb900000,0x00000000eb900000,0x00000000ecd00000)
 ParOldGen       total 96256K, used 24535K [0x00000000a0000000, 0x00000000a5e00000, 0x00000000e0000000)
  object space 96256K, 25% used [0x00000000a0000000,0x00000000a17f5d08,0x00000000a5e00000)
 Metaspace       used 57218K, capacity 58868K, committed 58968K, reserved 1099776K
  class space    used 7758K, capacity 8229K, committed 8320K, reserved 1048576K
}
Event: 8.211 GC heap before
{Heap before GC invocations=13 (full 3):
 PSYoungGen      total 206336K, used 16879K [0x00000000e0000000, 0x00000000ee300000, 0x0000000100000000)
  eden space 189440K, 0% used [0x00000000e0000000,0x00000000e0000000,0x00000000eb900000)
  from space 16896K, 99% used [0x00000000ecd00000,0x00000000edd7bf28,0x00000000edd80000)
  to   space 20480K, 0% used [0x00000000eb900000,0x00000000eb900000,0x00000000ecd00000)
 ParOldGen       total 96256K, used 24535K [0x00000000a0000000, 0x00000000a5e00000, 0x00000000e0000000)
  object space 96256K, 25% used [0x00000000a0000000,0x00000000a17f5d08,0x00000000a5e00000)
 Metaspace       used 57218K, capacity 58868K, committed 58968K, reserved 1099776K
  class space    used 7758K, capacity 8229K, committed 8320K, reserved 1048576K
Event: 8.438 GC heap after
Heap after GC invocations=13 (full 3):
 PSYoungGen      total 206336K, used 0K [0x00000000e0000000, 0x00000000ee300000, 0x0000000100000000)
  eden space 189440K, 0% used [0x00000000e0000000,0x00000000e0000000,0x00000000eb900000)
  from space 16896K, 0% used [0x00000000ecd00000,0x00000000ecd00000,0x00000000edd80000)
  to   space 20480K, 0% used [0x00000000eb900000,0x00000000eb900000,0x00000000ecd00000)
 ParOldGen       total 150528K, used 36729K [0x00000000a0000000, 0x00000000a9300000, 0x00000000e0000000)
  object space 150528K, 24% used [0x00000000a0000000,0x00000000a23de460,0x00000000a9300000)
 Metaspace       used 57218K, capacity 58868K, committed 58968K, reserved 1099776K
  class space    used 7758K, capacity 8229K, committed 8320K, reserved 1048576K
}
Event: 11.208 GC heap before
{Heap before GC invocations=14 (full 3):
 PSYoungGen      total 206336K, used 189440K [0x00000000e0000000, 0x00000000ee300000, 0x0000000100000000)
  eden space 189440K, 100% used [0x00000000e0000000,0x00000000eb900000,0x00000000eb900000)
  from space 16896K, 0% used [0x00000000ecd00000,0x00000000ecd00000,0x00000000edd80000)
  to   space 20480K, 0% used [0x00000000eb900000,0x00000000eb900000,0x00000000ecd00000)
 ParOldGen       total 150528K, used 36729K [0x00000000a0000000, 0x00000000a9300000, 0x00000000e0000000)
  object space 150528K, 24% used [0x00000000a0000000,0x00000000a23de460,0x00000000a9300000)
 Metaspace       used 63100K, capacity 65196K, committed 65496K, reserved 1105920K
  class space    used 8390K, capacity 8919K, committed 8960K, reserved 1048576K
Event: 11.254 GC heap after
Heap after GC invocations=14 (full 3):
 PSYoungGen      total 209920K, used 19021K [0x00000000e0000000, 0x00000000f0600000, 0x0000000100000000)
  eden space 189440K, 0% used [0x00000000e0000000,0x00000000e0000000,0x00000000eb900000)
  from space 20480K, 92% used [0x00000000eb900000,0x00000000ecb93738,0x00000000ecd00000)
  to   space 23040K, 0% used [0x00000000eef80000,0x00000000eef80000,0x00000000f0600000)
 ParOldGen       total 150528K, used 36737K [0x00000000a0000000, 0x00000000a9300000, 0x00000000e0000000)
  object space 150528K, 24% used [0x00000000a0000000,0x00000000a23e0460,0x00000000a9300000)
 Metaspace       used 63100K, capacity 65196K, committed 65496K, reserved 1105920K
  class space    used 8390K, capacity 8919K, committed 8960K, reserved 1048576K
}
Event: 198.480 GC heap before
{Heap before GC invocations=15 (full 3):
 PSYoungGen      total 209920K, used 208461K [0x00000000e0000000, 0x00000000f0600000, 0x0000000100000000)
  eden space 189440K, 100% used [0x00000000e0000000,0x00000000eb900000,0x00000000eb900000)
  from space 20480K, 92% used [0x00000000eb900000,0x00000000ecb93738,0x00000000ecd00000)
  to   space 23040K, 0% used [0x00000000eef80000,0x00000000eef80000,0x00000000f0600000)
 ParOldGen       total 150528K, used 36737K [0x00000000a0000000, 0x00000000a9300000, 0x00000000e0000000)
  object space 150528K, 24% used [0x00000000a0000000,0x00000000a23e0460,0x00000000a9300000)
 Metaspace       used 68292K, capacity 70836K, committed 71128K, reserved 1110016K
  class space    used 9004K, capacity 9621K, committed 9728K, reserved 1048576K
Event: 198.520 GC heap after
Heap after GC invocations=15 (full 3):
 PSYoungGen      total 239104K, used 23020K [0x00000000e0000000, 0x00000000f0900000, 0x0000000100000000)
  eden space 216064K, 0% used [0x00000000e0000000,0x00000000e0000000,0x00000000ed300000)
  from space 23040K, 99% used [0x00000000eef80000,0x00000000f05fb0f8,0x00000000f0600000)
  to   space 27648K, 0% used [0x00000000ed300000,0x00000000ed300000,0x00000000eee00000)
 ParOldGen       total 150528K, used 40473K [0x00000000a0000000, 0x00000000a9300000, 0x00000000e0000000)
  object space 150528K, 26% used [0x00000000a0000000,0x00000000a27866d8,0x00000000a9300000)
 Metaspace       used 68292K, capacity 70836K, committed 71128K, reserved 1110016K
  class space    used 9004K, capacity 9621K, committed 9728K, reserved 1048576K
}

