# JRE version: OpenJDK Runtime Environment (8.0_152-b01) (build 1.8.0_152-release-915-b01)
# Java VM: OpenJDK 64-Bit Server VM (25.152-b01 mixed mode windows-amd64 compressed oops)
Heap:
 PSYoungGen      total 302592K, used 120401K [0x00000000e0000000, 0x00000000f3b00000, 0x0000000100000000)
  eden space 291840K, 38% used [0x00000000e0000000,0x00000000e6d1dd90,0x00000000f1d00000)
  from space 10752K, 80% used [0x00000000f3080000,0x00000000f38f6980,0x00000000f3b00000)
  to   space 15360K, 0% used [0x00000000f1d00000,0x00000000f1d00000,0x00000000f2c00000)
 ParOldGen       total 95744K, used 18648K [0x00000000a0000000, 0x00000000a5d80000, 0x00000000e0000000)
  object space 95744K, 19% used [0x00000000a0000000,0x00000000a1236268,0x00000000a5d80000)
 Metaspace       used 48602K, capacity 49654K, committed 50088K, reserved 1093632K
  class space    used 6324K, capacity 6697K, committed 6824K, reserved 1048576K
GC Heap History (10 events):
Event: 7.635 GC heap before
{Heap before GC invocations=6 (full 1):
 PSYoungGen      total 138240K, used 133120K [0x00000000e0000000, 0x00000000e8c00000, 0x0000000100000000)
  eden space 133120K, 100% used [0x00000000e0000000,0x00000000e8200000,0x00000000e8200000)
  from space 5120K, 0% used [0x00000000e8700000,0x00000000e8700000,0x00000000e8c00000)
  to   space 5120K, 0% used [0x00000000e8200000,0x00000000e8200000,0x00000000e8700000)
 ParOldGen       total 61952K, used 9523K [0x00000000a0000000, 0x00000000a3c80000, 0x00000000e0000000)
  object space 61952K, 15% used [0x00000000a0000000,0x00000000a094ce00,0x00000000a3c80000)
 Metaspace       used 29497K, capacity 30044K, committed 30080K, reserved 1075200K
  class space    used 3991K, capacity 4206K, committed 4224K, reserved 1048576K
Event: 7.645 GC heap after
Heap after GC invocations=6 (full 1):
 PSYoungGen      total 138240K, used 5104K [0x00000000e0000000, 0x00000000ee880000, 0x0000000100000000)
  eden space 133120K, 0% used [0x00000000e0000000,0x00000000e0000000,0x00000000e8200000)
  from space 5120K, 99% used [0x00000000e8200000,0x00000000e86fc050,0x00000000e8700000)
  to   space 13312K, 0% used [0x00000000edb80000,0x00000000edb80000,0x00000000ee880000)
 ParOldGen       total 61952K, used 14650K [0x00000000a0000000, 0x00000000a3c80000, 0x00000000e0000000)
  object space 61952K, 23% used [0x00000000a0000000,0x00000000a0e4e878,0x00000000a3c80000)
 Metaspace       used 29497K, capacity 30044K, committed 30080K, reserved 1075200K
  class space    used 3991K, capacity 4206K, committed 4224K, reserved 1048576K
}
Event: 12.730 GC heap before
{Heap before GC invocations=7 (full 1):
 PSYoungGen      total 138240K, used 75598K [0x00000000e0000000, 0x00000000ee880000, 0x0000000100000000)
  eden space 133120K, 52% used [0x00000000e0000000,0x00000000e44d7aa0,0x00000000e8200000)
  from space 5120K, 99% used [0x00000000e8200000,0x00000000e86fc050,0x00000000e8700000)
  to   space 13312K, 0% used [0x00000000edb80000,0x00000000edb80000,0x00000000ee880000)
 ParOldGen       total 61952K, used 14650K [0x00000000a0000000, 0x00000000a3c80000, 0x00000000e0000000)
  object space 61952K, 23% used [0x00000000a0000000,0x00000000a0e4e878,0x00000000a3c80000)
 Metaspace       used 34734K, capacity 35422K, committed 35496K, reserved 1079296K
  class space    used 4735K, capacity 5018K, committed 5032K, reserved 1048576K
Event: 12.749 GC heap after
Heap after GC invocations=7 (full 1):
 PSYoungGen      total 218112K, used 12295K [0x00000000e0000000, 0x00000000ee800000, 0x0000000100000000)
  eden space 205312K, 0% used [0x00000000e0000000,0x00000000e0000000,0x00000000ec880000)
  from space 12800K, 96% used [0x00000000edb80000,0x00000000ee781d48,0x00000000ee800000)
  to   space 14848K, 0% used [0x00000000ecb00000,0x00000000ecb00000,0x00000000ed980000)
 ParOldGen       total 61952K, used 14658K [0x00000000a0000000, 0x00000000a3c80000, 0x00000000e0000000)
  object space 61952K, 23% used [0x00000000a0000000,0x00000000a0e50878,0x00000000a3c80000)
 Metaspace       used 34734K, capacity 35422K, committed 35496K, reserved 1079296K
  class space    used 4735K, capacity 5018K, committed 5032K, reserved 1048576K
}
Event: 12.749 GC heap before
{Heap before GC invocations=8 (full 2):
 PSYoungGen      total 218112K, used 12295K [0x00000000e0000000, 0x00000000ee800000, 0x0000000100000000)
  eden space 205312K, 0% used [0x00000000e0000000,0x00000000e0000000,0x00000000ec880000)
  from space 12800K, 96% used [0x00000000edb80000,0x00000000ee781d48,0x00000000ee800000)
  to   space 14848K, 0% used [0x00000000ecb00000,0x00000000ecb00000,0x00000000ed980000)
 ParOldGen       total 61952K, used 14658K [0x00000000a0000000, 0x00000000a3c80000, 0x00000000e0000000)
  object space 61952K, 23% used [0x00000000a0000000,0x00000000a0e50878,0x00000000a3c80000)
 Metaspace       used 34734K, capacity 35422K, committed 35496K, reserved 1079296K
  class space    used 4735K, capacity 5018K, committed 5032K, reserved 1048576K
Event: 12.847 GC heap after
Heap after GC invocations=8 (full 2):
 PSYoungGen      total 218112K, used 0K [0x00000000e0000000, 0x00000000ee800000, 0x0000000100000000)
  eden space 205312K, 0% used [0x00000000e0000000,0x00000000e0000000,0x00000000ec880000)
  from space 12800K, 0% used [0x00000000edb80000,0x00000000edb80000,0x00000000ee800000)
  to   space 14848K, 0% used [0x00000000ecb00000,0x00000000ecb00000,0x00000000ed980000)
 ParOldGen       total 95744K, used 18560K [0x00000000a0000000, 0x00000000a5d80000, 0x00000000e0000000)
  object space 95744K, 19% used [0x00000000a0000000,0x00000000a1220258,0x00000000a5d80000)
 Metaspace       used 34683K, capacity 35290K, committed 35496K, reserved 1079296K
  class space    used 4722K, capacity 4974K, committed 5032K, reserved 1048576K
}
Event: 26.779 GC heap before
{Heap before GC invocations=9 (full 2):
 PSYoungGen      total 218112K, used 205312K [0x00000000e0000000, 0x00000000ee800000, 0x0000000100000000)
  eden space 205312K, 100% used [0x00000000e0000000,0x00000000ec880000,0x00000000ec880000)
  from space 12800K, 0% used [0x00000000edb80000,0x00000000edb80000,0x00000000ee800000)
  to   space 14848K, 0% used [0x00000000ecb00000,0x00000000ecb00000,0x00000000ed980000)
 ParOldGen       total 95744K, used 18560K [0x00000000a0000000, 0x00000000a5d80000, 0x00000000e0000000)
  object space 95744K, 19% used [0x00000000a0000000,0x00000000a1220258,0x00000000a5d80000)
 Metaspace       used 40784K, capacity 41580K, committed 42024K, reserved 1085440K
  class space    used 5334K, capacity 5607K, committed 5672K, reserved 1048576K
Event: 26.806 GC heap after
Heap after GC invocations=9 (full 2):
 PSYoungGen      total 222720K, used 12680K [0x00000000e0000000, 0x00000000f4080000, 0x0000000100000000)
  eden space 207872K, 0% used [0x00000000e0000000,0x00000000e0000000,0x00000000ecb00000)
  from space 14848K, 85% used [0x00000000ecb00000,0x00000000ed762040,0x00000000ed980000)
  to   space 16384K, 0% used [0x00000000f3080000,0x00000000f3080000,0x00000000f4080000)
 ParOldGen       total 95744K, used 18576K [0x00000000a0000000, 0x00000000a5d80000, 0x00000000e0000000)
  object space 95744K, 19% used [0x00000000a0000000,0x00000000a1224258,0x00000000a5d80000)
 Metaspace       used 40784K, capacity 41580K, committed 42024K, reserved 1085440K
  class space    used 5334K, capacity 5607K, committed 5672K, reserved 1048576K
}
Event: 29.247 GC heap before
{Heap before GC invocations=10 (full 2):
 PSYoungGen      total 222720K, used 220552K [0x00000000e0000000, 0x00000000f4080000, 0x0000000100000000)
  eden space 207872K, 100% used [0x00000000e0000000,0x00000000ecb00000,0x00000000ecb00000)
  from space 14848K, 85% used [0x00000000ecb00000,0x00000000ed762040,0x00000000ed980000)
  to   space 16384K, 0% used [0x00000000f3080000,0x00000000f3080000,0x00000000f4080000)
 ParOldGen       total 95744K, used 18576K [0x00000000a0000000, 0x00000000a5d80000, 0x00000000e0000000)
  object space 95744K, 19% used [0x00000000a0000000,0x00000000a1224258,0x00000000a5d80000)
 Metaspace       used 40859K, capacity 41644K, committed 42024K, reserved 1085440K
  class space    used 5334K, capacity 5607K, committed 5672K, reserved 1048576K
Event: 29.257 GC heap after
Heap after GC invocations=10 (full 2):
 PSYoungGen      total 302592K, used 8666K [0x00000000e0000000, 0x00000000f3b00000, 0x0000000100000000)
  eden space 291840K, 0% used [0x00000000e0000000,0x00000000e0000000,0x00000000f1d00000)
  from space 10752K, 80% used [0x00000000f3080000,0x00000000f38f6980,0x00000000f3b00000)
  to   space 15360K, 0% used [0x00000000f1d00000,0x00000000f1d00000,0x00000000f2c00000)
 ParOldGen       total 95744K, used 18648K [0x00000000a0000000, 0x00000000a5d80000, 0x00000000e0000000)
  object space 95744K, 19% used [0x00000000a0000000,0x00000000a1236268,0x00000000a5d80000)
 Metaspace       used 40859K, capacity 41644K, committed 42024K, reserved 1085440K
  class space    used 5334K, capacity 5607K, committed 5672K, reserved 1048576K
}

